三月 05, 2021 6:22:09 下午 org.apache.karaf.main.Main launch
信息: Installing and starting initial bundles
三月 05, 2021 6:22:09 下午 org.apache.karaf.main.Main launch
信息: All initial bundles installed and set to start
三月 05, 2021 6:22:10 下午 org.apache.karaf.main.Main$KarafLockCallback lockAquired
信息: Lock acquired. Setting startlevel to 100
三月 05, 2021 6:22:20 下午 org.apache.karaf.main.Main$KarafLockCallback lockAquired
信息: Lock acquired. Setting startlevel to 100
三月 05, 2021 6:22:33 下午 org.apache.karaf.main.Main$KarafLockCallback lockAquired
信息: Lock acquired. Setting startlevel to 100
三月 05, 2021 6:22:56 下午 org.apache.karaf.main.Main$KarafLockCallback lockAquired
信息: Lock acquired. Setting startlevel to 100
四月 21, 2021 7:49:35 上午 org.apache.karaf.main.Main$KarafLockCallback lockAquired
信息: Lock acquired. Setting startlevel to 100
四月 21, 2021 7:49:44 上午 org.apache.karaf.main.Main$KarafLockCallback lockAquired
信息: Lock acquired. Setting startlevel to 100
四月 21, 2021 7:51:50 上午 org.apache.karaf.main.Main$KarafLockCallback lockAquired
信息: Lock acquired. Setting startlevel to 100
四月 21, 2021 8:07:56 上午 org.apache.karaf.main.Main$KarafLockCallback lockAquired
信息: Lock acquired. Setting startlevel to 100
四月 21, 2021 8:45:44 上午 org.apache.karaf.main.Main$KarafLockCallback lockAquired
信息: Lock acquired. Setting startlevel to 100
四月 21, 2021 2:55:42 下午 org.apache.karaf.main.Main$KarafLockCallback lockAquired
信息: Lock acquired. Setting startlevel to 100
五月 06, 2021 10:31:31 上午 org.apache.karaf.main.Main$KarafLockCallback lockAquired
信息: Lock acquired. Setting startlevel to 100
二月 23, 2022 6:04:52 下午 org.apache.karaf.main.Main$KarafLockCallback lockAquired
信息: Lock acquired. Setting startlevel to 100
二月 23, 2022 6:05:02 下午 org.apache.karaf.main.Main$KarafLockCallback lockAquired
信息: Lock acquired. Setting startlevel to 100
