七月 24, 2019 10:31:17 下午 org.apache.karaf.main.Main launch
信息: Installing and starting initial bundles
七月 24, 2019 10:31:17 下午 org.apache.karaf.main.Main launch
信息: All initial bundles installed and set to start
七月 24, 2019 10:31:17 下午 org.apache.karaf.main.Main$KarafLockCallback lockAquired
信息: Lock acquired. Setting startlevel to 100
七月 24, 2019 10:31:59 下午 org.apache.karaf.main.Main$KarafLockCallback lockAquired
信息: Lock acquired. Setting startlevel to 100
七月 25, 2019 9:31:09 下午 org.apache.karaf.main.Main$KarafLockCallback lockAquired
信息: Lock acquired. Setting startlevel to 100
八月 15, 2019 3:27:46 下午 org.apache.karaf.main.Main$KarafLockCallback lockAquired
信息: Lock acquired. Setting startlevel to 100
八月 15, 2019 3:30:27 下午 org.apache.karaf.main.Main$KarafLockCallback lockAquired
信息: Lock acquired. Setting startlevel to 100
八月 15, 2019 4:13:40 下午 org.apache.karaf.main.Main$KarafLockCallback lockAquired
信息: Lock acquired. Setting startlevel to 100
八月 15, 2019 4:41:10 下午 org.apache.karaf.main.Main$KarafLockCallback lockAquired
信息: Lock acquired. Setting startlevel to 100
九月 02, 2019 11:08:54 上午 org.apache.karaf.main.Main$KarafLockCallback lockAquired
信息: Lock acquired. Setting startlevel to 100
九月 05, 2019 1:51:29 下午 org.apache.karaf.main.Main$KarafLockCallback lockAquired
信息: Lock acquired. Setting startlevel to 100
九月 05, 2019 1:55:08 下午 org.apache.karaf.main.Main$KarafLockCallback lockAquired
信息: Lock acquired. Setting startlevel to 100
九月 05, 2019 4:05:20 下午 org.apache.karaf.main.Main$KarafLockCallback lockAquired
信息: Lock acquired. Setting startlevel to 100
十月 23, 2019 12:35:09 下午 org.apache.karaf.main.Main$KarafLockCallback lockAquired
信息: Lock acquired. Setting startlevel to 100
十月 26, 2019 12:07:34 下午 org.apache.karaf.main.Main$KarafLockCallback lockAquired
信息: Lock acquired. Setting startlevel to 100
十一月 04, 2019 10:40:14 下午 org.apache.karaf.main.Main$KarafLockCallback lockAquired
信息: Lock acquired. Setting startlevel to 100
十一月 05, 2019 9:37:16 上午 org.apache.karaf.main.Main$KarafLockCallback lockAquired
信息: Lock acquired. Setting startlevel to 100
十一月 06, 2019 11:58:43 下午 org.apache.karaf.main.Main$KarafLockCallback lockAquired
信息: Lock acquired. Setting startlevel to 100
十一月 15, 2019 9:40:05 上午 org.apache.karaf.main.Main$KarafLockCallback lockAquired
信息: Lock acquired. Setting startlevel to 100
十一月 19, 2019 10:54:07 上午 org.apache.karaf.main.Main$KarafLockCallback lockAquired
信息: Lock acquired. Setting startlevel to 100
十二月 21, 2019 11:29:26 下午 org.apache.karaf.main.Main$KarafLockCallback lockAquired
信息: Lock acquired. Setting startlevel to 100
十二月 22, 2019 10:48:02 上午 org.apache.karaf.main.Main$KarafLockCallback lockAquired
信息: Lock acquired. Setting startlevel to 100
十二月 22, 2019 10:51:00 上午 org.apache.karaf.main.Main$KarafLockCallback lockAquired
信息: Lock acquired. Setting startlevel to 100
十二月 22, 2019 10:58:42 上午 org.apache.karaf.main.Main$KarafLockCallback lockAquired
信息: Lock acquired. Setting startlevel to 100
十二月 30, 2019 8:10:07 下午 org.apache.karaf.main.Main$KarafLockCallback lockAquired
信息: Lock acquired. Setting startlevel to 100
二月 18, 2020 11:05:49 下午 org.apache.karaf.main.Main$KarafLockCallback lockAquired
信息: Lock acquired. Setting startlevel to 100
二月 20, 2020 12:22:54 下午 org.apache.karaf.main.Main$KarafLockCallback lockAquired
信息: Lock acquired. Setting startlevel to 100
二月 26, 2020 8:39:46 下午 org.apache.karaf.main.Main$KarafLockCallback lockAquired
信息: Lock acquired. Setting startlevel to 100
二月 26, 2020 10:06:46 下午 org.apache.karaf.main.Main$KarafLockCallback lockAquired
信息: Lock acquired. Setting startlevel to 100
三月 13, 2020 4:11:13 下午 org.apache.karaf.main.Main$KarafLockCallback lockAquired
信息: Lock acquired. Setting startlevel to 100
五月 18, 2020 1:34:43 下午 org.apache.karaf.main.Main$KarafLockCallback lockAquired
信息: Lock acquired. Setting startlevel to 100
六月 18, 2020 9:19:26 下午 org.apache.karaf.main.Main$KarafLockCallback lockAquired
信息: Lock acquired. Setting startlevel to 100
二月 01, 2021 6:15:32 下午 org.apache.karaf.main.Main$KarafLockCallback lockAquired
信息: Lock acquired. Setting startlevel to 100
二月 01, 2021 6:23:07 下午 org.apache.karaf.main.Main$KarafLockCallback lockAquired
信息: Lock acquired. Setting startlevel to 100
二月 01, 2021 6:29:45 下午 org.apache.karaf.main.Main$KarafLockCallback lockAquired
信息: Lock acquired. Setting startlevel to 100
二月 01, 2021 6:34:33 下午 org.apache.karaf.main.Main$KarafLockCallback lockAquired
信息: Lock acquired. Setting startlevel to 100
二月 01, 2021 6:56:14 下午 org.apache.karaf.main.Main$KarafLockCallback lockAquired
信息: Lock acquired. Setting startlevel to 100
二月 01, 2021 6:57:19 下午 org.apache.karaf.main.Main$KarafLockCallback lockAquired
信息: Lock acquired. Setting startlevel to 100
二月 01, 2021 6:59:07 下午 org.apache.karaf.main.Main$KarafLockCallback lockAquired
信息: Lock acquired. Setting startlevel to 100
二月 01, 2021 7:03:34 下午 org.apache.karaf.main.Main$KarafLockCallback lockAquired
信息: Lock acquired. Setting startlevel to 100
二月 01, 2021 9:53:35 下午 org.apache.karaf.main.Main$KarafLockCallback lockAquired
信息: Lock acquired. Setting startlevel to 100
二月 01, 2021 10:39:19 下午 org.apache.karaf.main.Main$KarafLockCallback lockAquired
信息: Lock acquired. Setting startlevel to 100
二月 01, 2021 11:28:26 下午 org.apache.karaf.main.Main$KarafLockCallback lockAquired
信息: Lock acquired. Setting startlevel to 100
二月 01, 2021 11:32:09 下午 org.apache.karaf.main.Main$KarafLockCallback lockAquired
信息: Lock acquired. Setting startlevel to 100
二月 02, 2021 7:32:04 上午 org.apache.karaf.main.Main$KarafLockCallback lockAquired
信息: Lock acquired. Setting startlevel to 100
二月 03, 2021 3:43:32 下午 org.apache.karaf.main.Main$KarafLockCallback lockAquired
信息: Lock acquired. Setting startlevel to 100
二月 23, 2021 10:04:21 上午 org.apache.karaf.main.Main$KarafLockCallback lockAquired
信息: Lock acquired. Setting startlevel to 100
二月 25, 2021 10:26:53 下午 org.apache.karaf.main.Main$KarafLockCallback lockAquired
信息: Lock acquired. Setting startlevel to 100
三月 08, 2021 4:14:35 下午 org.apache.karaf.main.Main$KarafLockCallback lockAquired
信息: Lock acquired. Setting startlevel to 100
三月 08, 2021 9:15:07 下午 org.apache.karaf.main.Main$KarafLockCallback lockAquired
信息: Lock acquired. Setting startlevel to 100
